Determining if the pthread_create exist failed with the following output:
Change Dir: /home/kristoffer/uavWs/build/CMakeFiles/CMakeTmp

Run Build Command:"/usr/bin/make" "cmTC_724b3/fast"
/usr/bin/make -f CMakeFiles/cmTC_724b3.dir/build.make CMakeFiles/cmTC_724b3.dir/build
make[1]: Entering directory '/home/kristoffer/uavWs/build/CMakeFiles/CMakeTmp'
Building C object CMakeFiles/cmTC_724b3.dir/CheckSymbolExists.c.o
/usr/bin/cc     -o CMakeFiles/cmTC_724b3.dir/CheckSymbolExists.c.o   -c /home/kristoffer/uavWs/build/CMakeFiles/CMakeTmp/CheckSymbolExists.c
Linking C executable cmTC_724b3
/usr/bin/cmake -E cmake_link_script CMakeFiles/cmTC_724b3.dir/link.txt --verbose=1
/usr/bin/cc       CMakeFiles/cmTC_724b3.dir/CheckSymbolExists.c.o  -o cmTC_724b3 -rdynamic 
CMakeFiles/cmTC_724b3.dir/CheckSymbolExists.c.o: In function `main':
CheckSymbolExists.c:(.text+0x16): undefined reference to `pthread_create'
collect2: error: ld returned 1 exit status
CMakeFiles/cmTC_724b3.dir/build.make:97: recipe for target 'cmTC_724b3' failed
make[1]: *** [cmTC_724b3] Error 1
make[1]: Leaving directory '/home/kristoffer/uavWs/build/CMakeFiles/CMakeTmp'
Makefile:126: recipe for target 'cmTC_724b3/fast' failed
make: *** [cmTC_724b3/fast] Error 2

File /home/kristoffer/uavWs/build/CMakeFiles/CMakeTmp/CheckSymbolExists.c:
/* */
#include <pthread.h>

int main(int argc, char** argv)
{
  (void)argv;
#ifndef pthread_create
  return ((int*)(&pthread_create))[argc];
#else
  (void)argc;
  return 0;
#endif
}

Determining if the function pthread_create exists in the pthreads failed with the following output:
Change Dir: /home/kristoffer/uavWs/build/CMakeFiles/CMakeTmp

Run Build Command:"/usr/bin/make" "cmTC_4b380/fast"
/usr/bin/make -f CMakeFiles/cmTC_4b380.dir/build.make CMakeFiles/cmTC_4b380.dir/build
make[1]: Entering directory '/home/kristoffer/uavWs/build/CMakeFiles/CMakeTmp'
Building C object CMakeFiles/cmTC_4b380.dir/CheckFunctionExists.c.o
/usr/bin/cc    -DCHECK_FUNCTION_EXISTS=pthread_create   -o CMakeFiles/cmTC_4b380.dir/CheckFunctionExists.c.o   -c /usr/share/cmake-3.5/Modules/CheckFunctionExists.c
Linking C executable cmTC_4b380
/usr/bin/cmake -E cmake_link_script CMakeFiles/cmTC_4b380.dir/link.txt --verbose=1
/usr/bin/cc   -DCHECK_FUNCTION_EXISTS=pthread_create    CMakeFiles/cmTC_4b380.dir/CheckFunctionExists.c.o  -o cmTC_4b380 -rdynamic -lpthreads 
/usr/bin/ld: cannot find -lpthreads
collect2: error: ld returned 1 exit status
CMakeFiles/cmTC_4b380.dir/build.make:97: recipe for target 'cmTC_4b380' failed
make[1]: *** [cmTC_4b380] Error 1
make[1]: Leaving directory '/home/kristoffer/uavWs/build/CMakeFiles/CMakeTmp'
Makefile:126: recipe for target 'cmTC_4b380/fast' failed
make: *** [cmTC_4b380/fast] Error 2


